{"C:\\Users\\akans\\OneDrive\\CODING\\namaste react\\foodapp\\src\\components\\Contact.js": {"path":"C:\\Users\\akans\\OneDrive\\CODING\\namaste react\\foodapp\\src\\components\\Contact.js","statementMap":{"0":{"start":{"line":1,"column":15},"end":{"line":10,"column":1}},"1":{"start":{"line":2,"column":4},"end":{"line":9,"column":5}}},"fnMap":{"0":{"name":"(anonymous_0)","decl":{"start":{"line":1,"column":15},"end":{"line":1,"column":16}},"loc":{"start":{"line":1,"column":19},"end":{"line":10,"column":1}},"line":1}},"branchMap":{},"s":{"0":1,"1":3},"f":{"0":3},"b":{},"_coverageSchema":"1a1c01bbd47fc00a2c39e90264f33305004495a9","hash":"198e4e2864f17c175532d0dc70de41ad5e67d330"}
,"C:\\Users\\akans\\OneDrive\\CODING\\namaste react\\foodapp\\src\\components\\Sum.js": {"path":"C:\\Users\\akans\\OneDrive\\CODING\\namaste react\\foodapp\\src\\components\\Sum.js","statementMap":{"0":{"start":{"line":1,"column":19},"end":{"line":3,"column":1}},"1":{"start":{"line":2,"column":4},"end":{"line":2,"column":17}}},"fnMap":{"0":{"name":"(anonymous_0)","decl":{"start":{"line":1,"column":19},"end":{"line":1,"column":20}},"loc":{"start":{"line":1,"column":29},"end":{"line":3,"column":1}},"line":1}},"branchMap":{},"s":{"0":1,"1":1},"f":{"0":1},"b":{},"_coverageSchema":"1a1c01bbd47fc00a2c39e90264f33305004495a9","hash":"f49a6ab927fe98e377b60465c32a874e0eb2db2d"}
}
